This is pdfTeX, Version 3.141592653-2.6-1.40.22 (TeX Live 2022/dev/Debian) (preloaded format=pdflatex 2022.9.2)  10 OCT 2022 10:04
entering extended mode
 restricted \write18 enabled.
 %&-line parsing enabled.
**PFlowsPaper.tex
(./PFlowsPaper.tex
LaTeX2e <2021-11-15> patch level 1
L3 programming layer <2022-01-21>
(/usr/share/texlive/texmf-dist/tex/latex/elsarticle/elsarticle.cls
Document Class: elsarticle 2020/11/20, 3.3: Elsevier Ltd
(/usr/share/texlive/texmf-dist/tex/latex/l3kernel/expl3.sty
Package: expl3 2022-01-21 L3 programming layer (loader) 

(/usr/share/texlive/texmf-dist/tex/latex/l3backend/l3backend-pdftex.def
File: l3backend-pdftex.def 2022-01-12 L3 backend support: PDF output (pdfTeX)
\l__color_backend_stack_int=\count185
\l__pdf_internal_box=\box50
))
(/usr/share/texlive/texmf-dist/tex/latex/l3packages/xparse/xparse.sty
Package: xparse 2022-01-12 L3 Experimental document command parser
)
(/usr/share/texlive/texmf-dist/tex/latex/etoolbox/etoolbox.sty
Package: etoolbox 2020/10/05 v2.5k e-TeX tools for LaTeX (JAW)
\etb@tempcnta=\count186
)
\@bls=\dimen138

(/usr/share/texlive/texmf-dist/tex/latex/base/article.cls
Document Class: article 2021/10/04 v1.4n Standard LaTeX document class
(/usr/share/texlive/texmf-dist/tex/latex/base/size10.clo
File: size10.clo 2021/10/04 v1.4n Standard LaTeX file (size option)
)
\c@part=\count187
\c@section=\count188
\c@subsection=\count189
\c@subsubsection=\count190
\c@paragraph=\count191
\c@subparagraph=\count192
\c@figure=\count193
\c@table=\count194
\abovecaptionskip=\skip47
\belowcaptionskip=\skip48
\bibindent=\dimen139
)
(/usr/share/texlive/texmf-dist/tex/latex/graphics/graphicx.sty
Package: graphicx 2021/09/16 v1.2d Enhanced LaTeX Graphics (DPC,SPQR)

(/usr/share/texlive/texmf-dist/tex/latex/graphics/keyval.sty
Package: keyval 2014/10/28 v1.15 key=value parser (DPC)
\KV@toks@=\toks16
)
(/usr/share/texlive/texmf-dist/tex/latex/graphics/graphics.sty
Package: graphics 2021/03/04 v1.4d Standard LaTeX Graphics (DPC,SPQR)

(/usr/share/texlive/texmf-dist/tex/latex/graphics/trig.sty
Package: trig 2021/08/11 v1.11 sin cos tan (DPC)
)
(/usr/share/texlive/texmf-dist/tex/latex/graphics-cfg/graphics.cfg
File: graphics.cfg 2016/06/04 v1.11 sample graphics configuration
)
Package graphics Info: Driver file: pdftex.def on input line 107.

(/usr/share/texlive/texmf-dist/tex/latex/graphics-def/pdftex.def
File: pdftex.def 2020/10/05 v1.2a Graphics/color driver for pdftex
))
\Gin@req@height=\dimen140
\Gin@req@width=\dimen141
)
\c@tnote=\count195
\c@fnote=\count196
\c@cnote=\count197
\c@ead=\count198
\c@author=\count199
\@eadauthor=\toks17
\c@affn=\count266
\absbox=\box51
\elsarticlehighlightsbox=\box52
\elsarticlegrabsbox=\box53
\keybox=\box54
\Columnwidth=\dimen142
\space@left=\dimen143
\els@boxa=\box55
\els@boxb=\box56
\leftMargin=\dimen144
\@enLab=\toks18
\@sep=\skip49
\@@sep=\skip50

(./PFlowsPaper.spl) (/usr/share/texlive/texmf-dist/tex/latex/natbib/natbib.sty
Package: natbib 2010/09/13 8.31b (PWD, AO)
\bibhang=\skip51
\bibsep=\skip52
LaTeX Info: Redefining \cite on input line 694.
\c@NAT@ctr=\count267
)
\splwrite=\write3
\openout3 = `PFlowsPaper.spl'.

\appnamewidth=\dimen145
) (/usr/share/texlive/texmf-dist/tex/latex/amsmath/amsmath.sty
Package: amsmath 2021/10/15 v2.17l AMS math features
\@mathmargin=\skip53

For additional information on amsmath, use the `?' option.
(/usr/share/texlive/texmf-dist/tex/latex/amsmath/amstext.sty
Package: amstext 2021/08/26 v2.01 AMS text

(/usr/share/texlive/texmf-dist/tex/latex/amsmath/amsgen.sty
File: amsgen.sty 1999/11/30 v2.0 generic functions
\@emptytoks=\toks19
\ex@=\dimen146
))
(/usr/share/texlive/texmf-dist/tex/latex/amsmath/amsbsy.sty
Package: amsbsy 1999/11/29 v1.2d Bold Symbols
\pmbraise@=\dimen147
)
(/usr/share/texlive/texmf-dist/tex/latex/amsmath/amsopn.sty
Package: amsopn 2021/08/26 v2.02 operator names
)
\inf@bad=\count268
LaTeX Info: Redefining \frac on input line 234.
\uproot@=\count269
\leftroot@=\count270
LaTeX Info: Redefining \overline on input line 399.
\classnum@=\count271
\DOTSCASE@=\count272
LaTeX Info: Redefining \ldots on input line 496.
LaTeX Info: Redefining \dots on input line 499.
LaTeX Info: Redefining \cdots on input line 620.
\Mathstrutbox@=\box57
\strutbox@=\box58
\big@size=\dimen148
LaTeX Font Info:    Redeclaring font encoding OML on input line 743.
LaTeX Font Info:    Redeclaring font encoding OMS on input line 744.
\macc@depth=\count273
\c@MaxMatrixCols=\count274
\dotsspace@=\muskip16
\c@parentequation=\count275
\dspbrk@lvl=\count276
\tag@help=\toks20
\row@=\count277
\column@=\count278
\maxfields@=\count279
\andhelp@=\toks21
\eqnshift@=\dimen149
\alignsep@=\dimen150
\tagshift@=\dimen151
\tagwidth@=\dimen152
\totwidth@=\dimen153
\lineht@=\dimen154
\@envbody=\toks22
\multlinegap=\skip54
\multlinetaggap=\skip55
\mathdisplay@stack=\toks23
LaTeX Info: Redefining \[ on input line 2938.
LaTeX Info: Redefining \] on input line 2939.
)
(/usr/share/texlive/texmf-dist/tex/latex/amsfonts/amssymb.sty
Package: amssymb 2013/01/14 v3.01 AMS font symbols

(/usr/share/texlive/texmf-dist/tex/latex/amsfonts/amsfonts.sty
Package: amsfonts 2013/01/14 v3.01 Basic AMSFonts support
\symAMSa=\mathgroup4
\symAMSb=\mathgroup5
LaTeX Font Info:    Redeclaring math symbol \hbar on input line 98.
LaTeX Font Info:    Overwriting math alphabet `\mathfrak' in version `bold'
(Font)                  U/euf/m/n --> U/euf/b/n on input line 106.
))
(/usr/share/texlive/texmf-dist/tex/latex/float/float.sty
Package: float 2001/11/08 v1.3d Float enhancements (AL)
\c@float@type=\count280
\float@exts=\toks24
\float@box=\box59
\@float@everytoks=\toks25
\@floatcapt=\box60
)
(/usr/share/texlive/texmf-dist/tex/latex/caption/subcaption.sty
Package: subcaption 2020/10/07 v1.3j Sub-captions (AR)

(/usr/share/texlive/texmf-dist/tex/latex/caption/caption.sty
Package: caption 2020/10/26 v3.5g Customizing captions (AR)

(/usr/share/texlive/texmf-dist/tex/latex/caption/caption3.sty
Package: caption3 2020/10/21 v2.2e caption3 kernel (AR)
\captionmargin=\dimen155
\captionmargin@=\dimen156
\captionwidth=\dimen157
\caption@tempdima=\dimen158
\caption@indent=\dimen159
\caption@parindent=\dimen160
\caption@hangindent=\dimen161
Package caption Info: elsarticle document class detected.

(/usr/share/texlive/texmf-dist/tex/latex/caption/caption-elsarticle.sto
File: caption-elsarticle.sto 2020/08/22 v2.0 Adaption of the caption package to
 the elsarticle document class (AR)
))
\c@caption@flags=\count281
\c@continuedfloat=\count282
Package caption Info: float package is loaded.
)
\c@subfigure=\count283
\c@subtable=\count284
)
(/usr/share/texlive/texmf-dist/tex/latex/changepage/changepage.sty
Package: changepage 2009/10/20 v1.0c check page and change page layout
\c@cp@cntr=\count285
\cp@tempcnt=\count286
)
(/usr/share/texlive/texmf-dist/tex/latex/tools/longtable.sty
Package: longtable 2021-09-01 v4.17 Multi-page Table package (DPC)
\LTleft=\skip56
\LTright=\skip57
\LTpre=\skip58
\LTpost=\skip59
\LTchunksize=\count287
\LTcapwidth=\dimen162
\LT@head=\box61
\LT@firsthead=\box62
\LT@foot=\box63
\LT@lastfoot=\box64
\LT@gbox=\box65
\LT@cols=\count288
\LT@rows=\count289
\c@LT@tables=\count290
\c@LT@chunks=\count291
\LT@p@ftn=\toks26
)
(/usr/share/texlive/texmf-dist/tex/latex/url/url.sty
\Urlmuskip=\muskip17
Package: url 2013/09/16  ver 3.4  Verb mode for urls, etc.
)
(/usr/share/texlive/texmf-dist/tex/latex/l3packages/xfrac/xfrac.sty
(/usr/share/texlive/texmf-dist/tex/latex/l3packages/l3keys2e/l3keys2e.sty
Package: l3keys2e 2022-01-12 LaTeX2e option processing using LaTeX3 keys
)
(/usr/share/texlive/texmf-dist/tex/latex/base/textcomp.sty
Package: textcomp 2020/02/02 v2.0n Standard LaTeX package
)
(/usr/share/texlive/texmf-dist/tex/latex/l3packages/xtemplate/xtemplate.sty
Package: xtemplate 2022-01-12 L3 Experimental prototype document functions
\l__xtemplate_tmp_dim=\dimen163
\l__xtemplate_tmp_int=\count292
\l__xtemplate_tmp_muskip=\muskip18
\l__xtemplate_tmp_skip=\skip60
)
Package: xfrac 2022-01-12 L3 Experimental split-level fractions
\l__xfrac_slash_box=\box66
\l__xfrac_tmp_box=\box67
\l__xfrac_denominator_bot_sep_dim=\dimen164
\l__xfrac_numerator_bot_sep_dim=\dimen165
\l__xfrac_numerator_top_sep_dim=\dimen166
\l__xfrac_slash_left_sep_dim=\dimen167
\l__xfrac_slash_right_sep_dim=\dimen168
\l__xfrac_slash_left_muskip=\muskip19
\l__xfrac_slash_right_muskip=\muskip20

Package xtemplate Info: Declaring object type 'xfrac' taking 3 argument(s) on
(xtemplate)             line 80.

)
(/usr/share/texlive/texmf-dist/tex/latex/booktabs/booktabs.sty
Package: booktabs 2020/01/12 v1.61803398 Publication quality tables
\heavyrulewidth=\dimen169
\lightrulewidth=\dimen170
\cmidrulewidth=\dimen171
\belowrulesep=\dimen172
\belowbottomsep=\dimen173
\aboverulesep=\dimen174
\abovetopsep=\dimen175
\cmidrulesep=\dimen176
\cmidrulekern=\dimen177
\defaultaddspace=\dimen178
\@cmidla=\count293
\@cmidlb=\count294
\@aboverulesep=\dimen179
\@belowrulesep=\dimen180
\@thisruleclass=\count295
\@lastruleclass=\count296
\@thisrulewidth=\dimen181
)
(/usr/share/texlive/texmf-dist/tex/latex/graphics/rotating.sty
Package: rotating 2016/08/11 v2.16d rotated objects in LaTeX

(/usr/share/texlive/texmf-dist/tex/latex/base/ifthen.sty
Package: ifthen 2020/11/24 v1.1c Standard LaTeX ifthen package (DPC)
)
\c@r@tfl@t=\count297
\rotFPtop=\skip61
\rotFPbot=\skip62
\rot@float@box=\box68
\rot@mess@toks=\toks27
)
(/usr/share/texlive/texmf-dist/tex/latex/geometry/geometry.sty
Package: geometry 2020/01/02 v5.9 Page Geometry

(/usr/share/texlive/texmf-dist/tex/generic/iftex/ifvtex.sty
Package: ifvtex 2019/10/25 v1.7 ifvtex legacy package. Use iftex instead.

(/usr/share/texlive/texmf-dist/tex/generic/iftex/iftex.sty
Package: iftex 2020/03/06 v1.0d TeX engine tests
))
\Gm@cnth=\count298
\Gm@cntv=\count299
\c@Gm@tempcnt=\count300
\Gm@bindingoffset=\dimen182
\Gm@wd@mp=\dimen183
\Gm@odd@mp=\dimen184
\Gm@even@mp=\dimen185
\Gm@layoutwidth=\dimen186
\Gm@layoutheight=\dimen187
\Gm@layouthoffset=\dimen188
\Gm@layoutvoffset=\dimen189
\Gm@dimlist=\toks28
)
(/usr/share/texlive/texmf-dist/tex/latex/xcolor/xcolor.sty
Package: xcolor 2021/10/31 v2.13 LaTeX color extensions (UK)

(/usr/share/texlive/texmf-dist/tex/latex/graphics-cfg/color.cfg
File: color.cfg 2016/01/02 v1.6 sample color configuration
)
Package xcolor Info: Driver file: pdftex.def on input line 227.
Package xcolor Info: Model `cmy' substituted by `cmy0' on input line 1352.
Package xcolor Info: Model `hsb' substituted by `rgb' on input line 1356.
Package xcolor Info: Model `RGB' extended on input line 1368.
Package xcolor Info: Model `HTML' substituted by `rgb' on input line 1370.
Package xcolor Info: Model `Hsb' substituted by `hsb' on input line 1371.
Package xcolor Info: Model `tHsb' substituted by `hsb' on input line 1372.
Package xcolor Info: Model `HSB' substituted by `hsb' on input line 1373.
Package xcolor Info: Model `Gray' substituted by `gray' on input line 1374.
Package xcolor Info: Model `wave' substituted by `hsb' on input line 1375.
)
(/usr/share/texlive/texmf-dist/tex/latex/multirow/multirow.sty
Package: multirow 2021/03/15 v2.8 Span multiple rows of a table
\multirow@colwidth=\skip63
\multirow@cntb=\count301
\multirow@dima=\skip64
\bigstrutjot=\dimen190
)
(/usr/share/texlive/texmf-dist/tex/latex/tools/afterpage.sty
Package: afterpage 2014/10/28 v1.08 After-Page Package (DPC)
\AP@output=\toks29
\AP@partial=\box69
\AP@footins=\box70
)
(/usr/share/texlive/texmf-dist/tex/latex/lineno/lineno.sty
Package: lineno 2005/11/02 line numbers on paragraphs v4.41
\linenopenalty=\count302
\output=\toks30
\linenoprevgraf=\count303
\linenumbersep=\dimen191
\linenumberwidth=\dimen192
\c@linenumber=\count304
\c@pagewiselinenumber=\count305
\c@LN@truepage=\count306
\c@internallinenumber=\count307
\c@internallinenumbers=\count308
\quotelinenumbersep=\dimen193
\bframerule=\dimen194
\bframesep=\dimen195
\bframebox=\box71
LaTeX Info: Redefining \\ on input line 3056.
)
(/usr/share/texlive/texmf-dist/tex/latex/setspace/setspace.sty
Package: setspace 2011/12/19 v6.7a set line spacing
)
(/usr/share/texlive/texmf-dist/tex/latex/threeparttable/threeparttable.sty
Package: threeparttable 2003/06/13  v 3.0
\@tempboxb=\box72
)
(/usr/share/texlive/texmf-dist/tex/latex/hyperref/hyperref.sty
Package: hyperref 2021-06-07 v7.00m Hypertext links for LaTeX

(/usr/share/texlive/texmf-dist/tex/generic/ltxcmds/ltxcmds.sty
Package: ltxcmds 2020-05-10 v1.25 LaTeX kernel commands for general use (HO)
)
(/usr/share/texlive/texmf-dist/tex/generic/pdftexcmds/pdftexcmds.sty
Package: pdftexcmds 2020-06-27 v0.33 Utility functions of pdfTeX for LuaTeX (HO
)

(/usr/share/texlive/texmf-dist/tex/generic/infwarerr/infwarerr.sty
Package: infwarerr 2019/12/03 v1.5 Providing info/warning/error messages (HO)
)
Package pdftexcmds Info: \pdf@primitive is available.
Package pdftexcmds Info: \pdf@ifprimitive is available.
Package pdftexcmds Info: \pdfdraftmode found.
)
(/usr/share/texlive/texmf-dist/tex/generic/kvsetkeys/kvsetkeys.sty
Package: kvsetkeys 2019/12/15 v1.18 Key value parser (HO)
)
(/usr/share/texlive/texmf-dist/tex/generic/kvdefinekeys/kvdefinekeys.sty
Package: kvdefinekeys 2019-12-19 v1.6 Define keys (HO)
)
(/usr/share/texlive/texmf-dist/tex/generic/pdfescape/pdfescape.sty
Package: pdfescape 2019/12/09 v1.15 Implements pdfTeX's escape features (HO)
)
(/usr/share/texlive/texmf-dist/tex/latex/hycolor/hycolor.sty
Package: hycolor 2020-01-27 v1.10 Color options for hyperref/bookmark (HO)
)
(/usr/share/texlive/texmf-dist/tex/latex/letltxmacro/letltxmacro.sty
Package: letltxmacro 2019/12/03 v1.6 Let assignment for LaTeX macros (HO)
)
(/usr/share/texlive/texmf-dist/tex/latex/auxhook/auxhook.sty
Package: auxhook 2019-12-17 v1.6 Hooks for auxiliary files (HO)
)
(/usr/share/texlive/texmf-dist/tex/latex/kvoptions/kvoptions.sty
Package: kvoptions 2020-10-07 v3.14 Key value format for package options (HO)
)
\@linkdim=\dimen196
\Hy@linkcounter=\count309
\Hy@pagecounter=\count310

(/usr/share/texlive/texmf-dist/tex/latex/hyperref/pd1enc.def
File: pd1enc.def 2021-06-07 v7.00m Hyperref: PDFDocEncoding definition (HO)
Now handling font encoding PD1 ...
... no UTF-8 mapping file for font encoding PD1
)
(/usr/share/texlive/texmf-dist/tex/latex/hyperref/hyperref-langpatches.def
File: hyperref-langpatches.def 2021-06-07 v7.00m Hyperref: patches for babel la
nguages
)
(/usr/share/texlive/texmf-dist/tex/generic/intcalc/intcalc.sty
Package: intcalc 2019/12/15 v1.3 Expandable calculations with integers (HO)
)
(/usr/share/texlive/texmf-dist/tex/generic/etexcmds/etexcmds.sty
Package: etexcmds 2019/12/15 v1.7 Avoid name clashes with e-TeX commands (HO)
)
\Hy@SavedSpaceFactor=\count311

(/usr/share/texlive/texmf-dist/tex/latex/hyperref/puenc.def
File: puenc.def 2021-06-07 v7.00m Hyperref: PDF Unicode definition (HO)
Now handling font encoding PU ...
... no UTF-8 mapping file for font encoding PU
)
Package hyperref Info: Option `colorlinks' set `true' on input line 4073.
Package hyperref Info: Hyper figures OFF on input line 4192.
Package hyperref Info: Link nesting OFF on input line 4197.
Package hyperref Info: Hyper index ON on input line 4200.
Package hyperref Info: Plain pages OFF on input line 4207.
Package hyperref Info: Backreferencing OFF on input line 4212.
Package hyperref Info: Implicit mode ON; LaTeX internals redefined.
Package hyperref Info: Bookmarks ON on input line 4445.
\c@Hy@tempcnt=\count312
LaTeX Info: Redefining \url on input line 4804.
\XeTeXLinkMargin=\dimen197

(/usr/share/texlive/texmf-dist/tex/generic/bitset/bitset.sty
Package: bitset 2019/12/09 v1.3 Handle bit-vector datatype (HO)

(/usr/share/texlive/texmf-dist/tex/generic/bigintcalc/bigintcalc.sty
Package: bigintcalc 2019/12/15 v1.5 Expandable calculations on big integers (HO
)
))
\Fld@menulength=\count313
\Field@Width=\dimen198
\Fld@charsize=\dimen199
Package hyperref Info: Hyper figures OFF on input line 6076.
Package hyperref Info: Link nesting OFF on input line 6081.
Package hyperref Info: Hyper index ON on input line 6084.
Package hyperref Info: backreferencing OFF on input line 6091.
Package hyperref Info: Link coloring ON on input line 6094.
Package hyperref Info: Link coloring with OCG OFF on input line 6101.
Package hyperref Info: PDF/A mode OFF on input line 6106.
LaTeX Info: Redefining \ref on input line 6146.
LaTeX Info: Redefining \pageref on input line 6150.

(/usr/share/texlive/texmf-dist/tex/latex/base/atbegshi-ltx.sty
Package: atbegshi-ltx 2021/01/10 v1.0c Emulation of the original atbegshi
package with kernel methods
)
\Hy@abspage=\count314
\c@Item=\count315
\c@Hfootnote=\count316
)
Package hyperref Info: Driver (autodetected): hpdftex.

(/usr/share/texlive/texmf-dist/tex/latex/hyperref/hpdftex.def
File: hpdftex.def 2021-06-07 v7.00m Hyperref driver for pdfTeX

(/usr/share/texlive/texmf-dist/tex/latex/base/atveryend-ltx.sty
Package: atveryend-ltx 2020/08/19 v1.0a Emulation of the original atveryend pac
kage
with kernel methods
)
\Fld@listcount=\count317
\c@bookmark@seq@number=\count318

(/usr/share/texlive/texmf-dist/tex/latex/rerunfilecheck/rerunfilecheck.sty
Package: rerunfilecheck 2019/12/05 v1.9 Rerun checks for auxiliary files (HO)

(/usr/share/texlive/texmf-dist/tex/generic/uniquecounter/uniquecounter.sty
Package: uniquecounter 2019/12/15 v1.4 Provide unlimited unique counter (HO)
)
Package uniquecounter Info: New unique counter `rerunfilecheck' on input line 2
86.
)
\Hy@SectionHShift=\skip65
)
(./PFlowsPaper.aux)
\openout1 = `PFlowsPaper.aux'.

LaTeX Font Info:    Checking defaults for OML/cmm/m/it on input line 53.
LaTeX Font Info:    ... okay on input line 53.
LaTeX Font Info:    Checking defaults for OMS/cmsy/m/n on input line 53.
LaTeX Font Info:    ... okay on input line 53.
LaTeX Font Info:    Checking defaults for OT1/cmr/m/n on input line 53.
LaTeX Font Info:    ... okay on input line 53.
LaTeX Font Info:    Checking defaults for T1/cmr/m/n on input line 53.
LaTeX Font Info:    ... okay on input line 53.
LaTeX Font Info:    Checking defaults for TS1/cmr/m/n on input line 53.
LaTeX Font Info:    ... okay on input line 53.
LaTeX Font Info:    Checking defaults for OMX/cmex/m/n on input line 53.
LaTeX Font Info:    ... okay on input line 53.
LaTeX Font Info:    Checking defaults for U/cmr/m/n on input line 53.
LaTeX Font Info:    ... okay on input line 53.
LaTeX Font Info:    Checking defaults for PD1/pdf/m/n on input line 53.
LaTeX Font Info:    ... okay on input line 53.
LaTeX Font Info:    Checking defaults for PU/pdf/m/n on input line 53.
LaTeX Font Info:    ... okay on input line 53.

(/usr/share/texlive/texmf-dist/tex/context/base/mkii/supp-pdf.mkii
[Loading MPS to PDF converter (version 2006.09.02).]
\scratchcounter=\count319
\scratchdimen=\dimen256
\scratchbox=\box73
\nofMPsegments=\count320
\nofMParguments=\count321
\everyMPshowfont=\toks31
\MPscratchCnt=\count322
\MPscratchDim=\dimen257
\MPnumerator=\count323
\makeMPintoPDFobject=\count324
\everyMPtoPDFconversion=\toks32
) (/usr/share/texlive/texmf-dist/tex/latex/epstopdf-pkg/epstopdf-base.sty
Package: epstopdf-base 2020-01-24 v2.11 Base part for package epstopdf
Package epstopdf-base Info: Redefining graphics rule for `.eps' on input line 4
85.

(/usr/share/texlive/texmf-dist/tex/latex/latexconfig/epstopdf-sys.cfg
File: epstopdf-sys.cfg 2010/07/13 v1.3 Configuration of (r)epstopdf for TeX Liv
e
))
Package caption Info: Begin \AtBeginDocument code.
Package caption Info: changepage package is loaded.
\caption@adjustwidth@hsize=\dimen258
\caption@adjustwidth@linewidth=\dimen259
Package caption Info: hyperref package is loaded.
Package caption Info: longtable package is loaded.

(/usr/share/texlive/texmf-dist/tex/latex/caption/ltcaption.sty
Package: ltcaption 2020/05/30 v1.4b longtable captions (AR)
)
Package caption Info: rotating package is loaded.
Package caption Info: threeparttable package is loaded.
Package caption Info: End \AtBeginDocument code.

*geometry* driver: auto-detecting
*geometry* detected driver: pdftex
*geometry* verbose mode - [ preamble ] result:
* driver: pdftex
* paper: <default>
* layout: <same size as paper>
* layoutoffset:(h,v)=(0.0pt,0.0pt)
* modes: 
* h-part:(L,W,R)=(92.14519pt, 430.00462pt, 92.14519pt)
* v-part:(T,H,B)=(95.39737pt, 556.47656pt, 143.09605pt)
* \paperwidth=614.295pt
* \paperheight=794.96999pt
* \textwidth=430.00462pt
* \textheight=556.47656pt
* \oddsidemargin=19.8752pt
* \evensidemargin=19.8752pt
* \topmargin=-13.87262pt
* \headheight=12.0pt
* \headsep=25.0pt
* \topskip=10.0pt
* \footskip=30.0pt
* \marginparwidth=65.0pt
* \marginparsep=11.0pt
* \columnsep=10.0pt
* \skip\footins=24.0pt
* \hoffset=0.0pt
* \voffset=0.0pt
* \mag=1000
* \@twocolumnfalse
* \@twosidefalse
* \@mparswitchfalse
* \@reversemarginfalse
* (1in=72.27pt=25.4mm, 1cm=28.453pt)

Package hyperref Info: Link coloring ON on input line 53.
(/usr/share/texlive/texmf-dist/tex/latex/hyperref/nameref.sty
Package: nameref 2021-04-02 v2.47 Cross-referencing by name of section

(/usr/share/texlive/texmf-dist/tex/latex/refcount/refcount.sty
Package: refcount 2019/12/15 v3.6 Data extraction from label references (HO)
)
(/usr/share/texlive/texmf-dist/tex/generic/gettitlestring/gettitlestring.sty
Package: gettitlestring 2019/12/15 v1.6 Cleanup title references (HO)
)
\c@section@level=\count325
)
LaTeX Info: Redefining \ref on input line 53.
LaTeX Info: Redefining \pageref on input line 53.
LaTeX Info: Redefining \nameref on input line 53.

(./PFlowsPaper.out) (./PFlowsPaper.out)
\@outlinefile=\write4
\openout4 = `PFlowsPaper.out'.

LaTeX Font Info:    Trying to load font information for U+msa on input line 95.


(/usr/share/texlive/texmf-dist/tex/latex/amsfonts/umsa.fd
File: umsa.fd 2013/01/14 v3.01 AMS symbols A
)
LaTeX Font Info:    Trying to load font information for U+msb on input line 95.


(/usr/share/texlive/texmf-dist/tex/latex/amsfonts/umsb.fd
File: umsb.fd 2013/01/14 v3.01 AMS symbols B
)
Overfull \vbox (41.7529pt too high) has occurred while \output is active []



Package hyperref Warning: Token not allowed in a PDF string (Unicode):
(hyperref)                removing `\<def>-command' on input line 104.


Package hyperref Warning: Token not allowed in a PDF string (Unicode):
(hyperref)                removing `\cnotenum' on input line 104.


Package hyperref Warning: Token not allowed in a PDF string (Unicode):
(hyperref)                removing `\<def>-command' on input line 104.


Package hyperref Warning: Token not allowed in a PDF string (Unicode):
(hyperref)                removing `\@corref' on input line 104.

[1


{/var/lib/texmf/fonts/map/pdftex/updmap/pdftex.map}] [2] [3] [4] [5] [6]
[7] [8]

pdfTeX warning: /usr/bin/pdflatex (file ./Figures/FigJorge.pdf): PDF inclusion:
 found PDF version <1.6>, but at most version <1.5> allowed
<Figures/FigJorge.pdf, id=421, 555.02792pt x 497.21191pt>
File: Figures/FigJorge.pdf Graphic file (type pdf)
<use Figures/FigJorge.pdf>
Package pdftex.def Info: Figures/FigJorge.pdf  used on input line 250.
(pdftex.def)             Requested size: 258.00539pt x 231.14044pt.
[9 <./Figures/FigJorge.pdf>] [10] [11]
<Figures/Diagram2-4.pdf, id=520, 416.55624pt x 547.04375pt>
File: Figures/Diagram2-4.pdf Graphic file (type pdf)
<use Figures/Diagram2-4.pdf>
Package pdftex.def Info: Figures/Diagram2-4.pdf  used on input line 398.
(pdftex.def)             Requested size: 408.50307pt x 536.49153pt.
 [12]
Overfull \vbox (9.01495pt too high) has occurred while \output is active []


[13 <./Figures/Diagram2-4.pdf>]
<Figures/Results_PlotSummary.pdf, id=778, 497.9421pt x 314.04192pt>
File: Figures/Results_PlotSummary.pdf Graphic file (type pdf)
<use Figures/Results_PlotSummary.pdf>
Package pdftex.def Info: Figures/Results_PlotSummary.pdf  used on input line 41
7.
(pdftex.def)             Requested size: 365.50655pt x 230.51852pt.
 [14]
<Figures/Results_PlotSummarySpecific.pdf, id=784, 583.74692pt x 366.50714pt>
File: Figures/Results_PlotSummarySpecific.pdf Graphic file (type pdf)
<use Figures/Results_PlotSummarySpecific.pdf>
Package pdftex.def Info: Figures/Results_PlotSummarySpecific.pdf  used on input
 line 425.
(pdftex.def)             Requested size: 365.50655pt x 229.49142pt.
 [15 <./Figures/Results_PlotSummary.pdf> <./Figures/Results_PlotSummarySpecific
.pdf>] [16] [17] [18] [19]
<Figures/CommodityPrices.pdf, id=1003, 384.64339pt x 268.93849pt>
File: Figures/CommodityPrices.pdf Graphic file (type pdf)
<use Figures/CommodityPrices.pdf>
Package pdftex.def Info: Figures/CommodityPrices.pdf  used on input line 530.
(pdftex.def)             Requested size: 279.50037pt x 195.42886pt.
 [20 <./Figures/CommodityPrices.pdf>]
<Figures/PSubstitution.pdf, id=1075, 696.43948pt x 472.83527pt>
File: Figures/PSubstitution.pdf Graphic file (type pdf)
<use Figures/PSubstitution.pdf>
Package pdftex.def Info: Figures/PSubstitution.pdf  used on input line 546.
(pdftex.def)             Requested size: 430.00462pt x 291.94273pt.


LaTeX Warning: `h' float specifier changed to `ht'.

[21] [22 <./Figures/PSubstitution.pdf>]
LaTeX Font Info:    Calculating math sizes for size <5.6> on input line 894.


LaTeX Font Warning: Font shape `OT1/cmr/m/n' in size <3.91998> not available
(Font)              size <5> substituted on input line 894.


LaTeX Font Warning: Font shape `OT1/cmr/m/n' in size <2.8> not available
(Font)              size <5> substituted on input line 894.


LaTeX Font Warning: Font shape `OML/cmm/m/it' in size <3.91998> not available
(Font)              size <5> substituted on input line 894.


LaTeX Font Warning: Font shape `OML/cmm/m/it' in size <2.8> not available
(Font)              size <5> substituted on input line 894.


LaTeX Font Warning: Font shape `OMS/cmsy/m/n' in size <3.91998> not available
(Font)              size <5> substituted on input line 894.


LaTeX Font Warning: Font shape `OMS/cmsy/m/n' in size <2.8> not available
(Font)              size <5> substituted on input line 894.


Overfull \hbox (50.10025pt too wide) in paragraph at lines 895--1006
 [][] 
 []

[23] [24] (./PFlowsPaper.bbl
Underfull \hbox (badness 10000) in paragraph at lines 17--23
[]\OT1/cmr/m/n/10 Agriculture and Agri-Food Canada, 2021a.  Dis-tri-bu-tion of 
slaugh-ter-ing ac-tiv-ity.
 []


Underfull \hbox (badness 10000) in paragraph at lines 17--23
[][]$\OT1/cmtt/m/n/10 https : / / agriculture . canada . ca / en / canadas-[]ag
riculture-[]sectors / animal-[]industry /
 []


Underfull \hbox (badness 10000) in paragraph at lines 17--23
\OT1/cmtt/m/n/10 red-[]meat-[]and-[]livestock-[]market-[]information / slaughte
r-[]and-[]carcass-[]weights /
 []


Underfull \hbox (badness 10000) in paragraph at lines 24--30
[]\OT1/cmr/m/n/10 Agriculture and Agri-Food Canada, 2021b.  Poul-try slaugh-ter
 re-ports.  [][]$\OT1/cmtt/m/n/10 https :
 []


Underfull \hbox (badness 10000) in paragraph at lines 24--30
\OT1/cmtt/m/n/10 / / agriculture . canada . ca / en / canadas-[]agriculture-[]s
ectors / animal-[]industry /
 []


Underfull \hbox (badness 10000) in paragraph at lines 31--38
[][]$\OT1/cmtt/m/n/10 https : / / agriculture . canada . ca / en / canadas-[]ag
riculture-[]sectors / animal-[]industry /
 []


Underfull \hbox (badness 3977) in paragraph at lines 39--45
[]\OT1/cmr/m/n/10 Agriculture and Agri-Food Canada, 2021d.  Red meat con-ver-si
on fac-tors.  [][]$\OT1/cmtt/m/n/10 https :
 []


Underfull \hbox (badness 10000) in paragraph at lines 39--45
\OT1/cmtt/m/n/10 / / agriculture . canada . ca / en / canadas-[]agriculture-[]s
ectors / animal-[]industry /
 []


Underfull \hbox (badness 10000) in paragraph at lines 39--45
\OT1/cmtt/m/n/10 red-[]meat-[]and-[]livestock-[]market-[]information / slaughte
r-[]and-[]carcass-[]weights /
 []


Underfull \hbox (badness 6125) in paragraph at lines 69--75
[]\OT1/cmr/m/n/10 Algoma Steel Inc., 2022.  Cor-po-rate Pro-file.  [][]$\OT1/cm
tt/m/n/10 https : / / algoma . com / about-[]algoma /
 []

[25]
Underfull \hbox (badness 10000) in paragraph at lines 148--155
[]\OT1/cmr/m/n/10 Cheminfo Ser-vices Inc., 2019.  Eco-nomic As-sess-ment of the
 In-te-
 []


Underfull \hbox (badness 10000) in paragraph at lines 148--155
\OT1/cmr/m/n/10 grated Steel In-dus-try.  [][]$\OT1/cmtt/m/n/10 https : / / www
 . canadiansteel . ca / files / resources /
 []


Underfull \hbox (badness 1442) in paragraph at lines 148--155
\OT1/cmtt/m/n/10 Final-[]Report-[]Economic-[]Assessment-[]of-[]the-[]Integrated
-[]Steel-[]Industry . pdf$[][]\OT1/cmr/m/n/10 .  [On-line;
 []

[26]
Underfull \hbox (badness 10000) in paragraph at lines 227--234
[]\OT1/cmr/m/n/10 Environment and Cli-mate Change Canada, 2021a.  About the Na-

 []


Underfull \hbox (badness 10000) in paragraph at lines 227--234
\OT1/cmr/m/n/10 tional Pol-lu-tant Re-lease In-ven-tory.  [][]$\OT1/cmtt/m/n/10
 https : / / www . canada . ca / en /
 []


Underfull \hbox (badness 10000) in paragraph at lines 227--234
\OT1/cmtt/m/n/10 environment-[]climate-[]change / services / national-[]polluta
nt-[]release-[]inventory /
 []


Underfull \hbox (badness 2529) in paragraph at lines 227--234
\OT1/cmtt/m/n/10 about-[]national-[]pollutant-[]release-[]inventory . html$[][]
\OT1/cmr/m/n/10 .  [On-line; ac-cessed 29-December-
 []

[27]
Underfull \hbox (badness 10000) in paragraph at lines 235--242
[][]$\OT1/cmtt/m/n/10 https : / / open . canada . ca / data / en / dataset / 9e
11e114-[]ef0d-[]4814-[]8d93-[]24af23716489$[][]\OT1/cmr/m/n/10 .
 []

[28]
Underfull \hbox (badness 10000) in paragraph at lines 322--328
\OT1/cmtt/m/n/10 dam / hc-[]sc / migration / hc-[]sc / fn-[]an / alt _ formats 
/ pdf / nutrition / fiche-[]nutri-[]data /
 []


Underfull \hbox (badness 10000) in paragraph at lines 336--343
\OT1/cmtt/m/n/10 / / www . iisd . org / sites / default / files / meterial / nu
trient-[]recovery-[]reuse-[]canada . pdf$[][]\OT1/cmr/m/n/10 .
 []


Underfull \hbox (badness 5316) in paragraph at lines 344--351
[]\OT1/cmr/m/n/10 INAC Ser-vices, 2014.  Poul-try pro-cess-ing in Canada.  [][]
$\OT1/cmtt/m/n/10 http : / / inacservices . com /
 []

[29] [30]
Underfull \hbox (badness 2970) in paragraph at lines 464--471
[]\OT1/cmr/m/n/10 Ontario Min-istry of Agri-cul-ture and Food and the Min-istry
 of Ru-ral Af-fairs, 2020b.
 []


Underfull \hbox (badness 10000) in paragraph at lines 464--471
\OT1/cmr/m/n/10 On-tario milk ship-ments by county.  [][]$\OT1/cmtt/m/n/10 http
s : / / data . ontario . ca / en / dataset /
 []


Underfull \hbox (badness 5460) in paragraph at lines 491--499
[]\OT1/cmr/m/n/10 Ontario Min-istry of the En-vi-ron-ment, Con-ser-va-tion and 
Parks, 2012.  Green-house
 []


Underfull \hbox (badness 6526) in paragraph at lines 491--499
\OT1/cmr/m/n/10 Wastew-a-ter Mon-i-tor-ing Project (2010 and 2011).  [][]$\OT1/
cmtt/m/n/10 https : / / www . ontario . ca / page /
 []


Underfull \hbox (badness 5924) in paragraph at lines 491--499
\OT1/cmtt/m/n/10 greenhouse-[]wastewater-[]monitoring-[]project-[]2010-[]and-[]
2011$[][]\OT1/cmr/m/n/10 .  [On-line; ac-cessed 22-
 []


Underfull \hbox (badness 1394) in paragraph at lines 511--517
\OT1/cmr/m/n/10 Ef-flu-ent.  [][]$\OT1/cmtt/m/n/10 https : / / data . ontario .
 ca / dataset / municipal-[]treated-[]wastewater-[]effluent$[][]\OT1/cmr/m/n/10
 .
 []


Underfull \hbox (badness 2181) in paragraph at lines 518--524
[]\OT1/cmr/m/n/10 Opendatasoft, 2019.  Cen-sus di-vi-sions - Canada.  [][]$\OT1
/cmtt/m/n/10 https : / / public . opendatasoft . com /
 []


Underfull \hbox (badness 10000) in paragraph at lines 518--524
\OT1/cmtt/m/n/10 explore / dataset / georef-[]canada-[]census-[]division / tabl
e / ?disjunctive . prov _ name _
 []

[31] [32]
Underfull \hbox (badness 6493) in paragraph at lines 650--659
[]\OT1/cmr/m/n/10 Statistics Canada -- Statis-tique Canada, 2021c.  Hogs statis
-tics, sup-ply and dis-
 []


Underfull \hbox (badness 10000) in paragraph at lines 650--659
\OT1/cmr/m/n/10 po-si-tion of hogs, semi-annual.  [][]$\OT1/cmtt/m/n/10 https :
 / / open . canada . ca / data / en / dataset /
 []

[33]
Underfull \hbox (badness 10000) in paragraph at lines 696--705
[]\OT1/cmr/m/n/10 Statistics Canada -- Statis-tique Canada, 2021h.  Sheep stati
s-tics, sup-ply and
 []


Underfull \hbox (badness 10000) in paragraph at lines 696--705
\OT1/cmr/m/n/10 dis-po-si-tion of sheep and lambs.  [][]$\OT1/cmtt/m/n/10 https
 : / / open . canada . ca / data / en / dataset /
 []

[34] [35] [36]) [37] (./PFlowsPaper.aux)

LaTeX Font Warning: Size substitutions with differences
(Font)              up to 3.25pt have occurred.

Package rerunfilecheck Info: File `PFlowsPaper.out' has not changed.
(rerunfilecheck)             Checksum: D76A7A0BB874608E01AACB677F1AF8DB;3578.
 ) 
Here is how much of TeX's memory you used:
 14715 strings out of 478287
 243210 string characters out of 5849290
 601163 words of memory out of 5000000
 32506 multiletter control sequences out of 15000+600000
 482152 words of font info for 83 fonts, out of 8000000 for 9000
 1141 hyphenation exceptions out of 8191
 70i,23n,91p,2007b,686s stack positions out of 5000i,500n,10000p,200000b,80000s
</usr/share/texlive/texmf-dist/fonts/type1/public/amsfonts/cm/cmbx10.pfb></us
r/share/texlive/texmf-dist/fonts/type1/public/amsfonts/cm/cmex10.pfb></usr/shar
e/texlive/texmf-dist/fonts/type1/public/amsfonts/cm/cmmi10.pfb></usr/share/texl
ive/texmf-dist/fonts/type1/public/amsfonts/cm/cmmi7.pfb></usr/share/texlive/tex
mf-dist/fonts/type1/public/amsfonts/cm/cmmi8.pfb></usr/share/texlive/texmf-dist
/fonts/type1/public/amsfonts/cm/cmr10.pfb></usr/share/texlive/texmf-dist/fonts/
type1/public/amsfonts/cm/cmr12.pfb></usr/share/texlive/texmf-dist/fonts/type1/p
ublic/amsfonts/cm/cmr5.pfb></usr/share/texlive/texmf-dist/fonts/type1/public/am
sfonts/cm/cmr6.pfb></usr/share/texlive/texmf-dist/fonts/type1/public/amsfonts/c
m/cmr7.pfb></usr/share/texlive/texmf-dist/fonts/type1/public/amsfonts/cm/cmr8.p
fb></usr/share/texlive/texmf-dist/fonts/type1/public/amsfonts/cm/cmss8.pfb></us
r/share/texlive/texmf-dist/fonts/type1/public/amsfonts/cm/cmsy10.pfb></usr/shar
e/texlive/texmf-dist/fonts/type1/public/amsfonts/cm/cmsy6.pfb></usr/share/texli
ve/texmf-dist/fonts/type1/public/amsfonts/cm/cmsy7.pfb></usr/share/texlive/texm
f-dist/fonts/type1/public/amsfonts/cm/cmsy8.pfb></usr/share/texlive/texmf-dist/
fonts/type1/public/amsfonts/cm/cmti10.pfb></usr/share/texlive/texmf-dist/fonts/
type1/public/amsfonts/cm/cmti7.pfb></usr/share/texlive/texmf-dist/fonts/type1/p
ublic/amsfonts/cm/cmti8.pfb></usr/share/texlive/texmf-dist/fonts/type1/public/a
msfonts/cm/cmtt10.pfb></usr/share/texlive/texmf-dist/fonts/type1/public/amsfont
s/cm/cmtt8.pfb>
Output written on PFlowsPaper.pdf (37 pages, 1344319 bytes).
PDF statistics:
 1558 PDF objects out of 1728 (max. 8388607)
 1083 compressed objects within 11 object streams
 180 named destinations out of 1000 (max. 500000)
 211 words of extra memory for PDF output out of 10000 (max. 10000000)

