\BOOKMARK [1][-]{section.1}{Introduction}{}% 1
\BOOKMARK [1][-]{section.2}{Methods}{}% 2
\BOOKMARK [2][-]{subsection.2.1}{Spatial resolution}{section.2}% 3
\BOOKMARK [2][-]{subsection.2.2}{Temporal resolution}{section.2}% 4
\BOOKMARK [2][-]{subsection.2.3}{Estimation of phosphorus flows}{section.2}% 5
\BOOKMARK [3][-]{subsubsection.2.3.1}{Agricultural sector}{subsection.2.3}% 6
\BOOKMARK [3][-]{subsubsection.2.3.2}{Industrial sector}{subsection.2.3}% 7
\BOOKMARK [3][-]{subsubsection.2.3.3}{Urban sector}{subsection.2.3}% 8
\BOOKMARK [2][-]{subsection.2.4}{Phosphorus recovery techniques \(This section could be Supplementary Material\)}{section.2}% 9
\BOOKMARK [1][-]{section.3}{Results and discussion}{}% 10
\BOOKMARK [2][-]{subsection.3.1}{Phosphorus flows in Ontario}{section.3}% 11
\BOOKMARK [3][-]{subsubsection.3.1.1}{Agricultural sector}{subsection.3.1}% 12
\BOOKMARK [3][-]{subsubsection.3.1.2}{Industrial sector}{subsection.3.1}% 13
\BOOKMARK [3][-]{subsubsection.3.1.3}{Urban sector}{subsection.3.1}% 14
\BOOKMARK [2][-]{subsection.3.2}{Potential of phosphorus recovery in Ontario}{section.3}% 15
\BOOKMARK [3][-]{subsubsection.3.2.1}{Scenario 1: phosphorus recoverable with current technologies}{subsection.3.2}% 16
\BOOKMARK [2][-]{subsection.3.3}{Economic implications of phosphorus recovery in Ontario}{section.3}% 17
\BOOKMARK [2][-]{subsection.3.4}{Implications on food sovereignty of phosphorus recovery in Ontario}{section.3}% 18
\BOOKMARK [2][-]{subsection.3.5}{Gaps of knowledge}{section.3}% 19
\BOOKMARK [1][-]{section.4}{Conclusions}{}% 20
\BOOKMARK [1][-]{section.5}{Acknowledgments}{}% 21
